This file contains any messages produced by compilers while
running configure, to aid debugging if configure makes a mistake.

It was created by Cuba configure 2.1, which was
generated by GNU Autoconf 2.61.  Invocation command line was

  $ ./configure 

## --------- ##
## Platform. ##
## --------- ##

hostname = atlas-tier3-c9.triumf.ca
uname -m = x86_64
uname -r = 2.6.18-238.12.1.el5
uname -s = Linux
uname -v = #1 SMP Tue May 31 13:12:32 EDT 2011

/usr/bin/uname -p = unknown
/bin/uname -X     = unknown

/bin/arch              = x86_64
/usr/bin/arch -k       = unknown
/usr/convex/getsysinfo = unknown
/usr/bin/hostinfo      = unknown
/bin/machine           = unknown
/usr/bin/oslevel       = unknown
/bin/universe          = unknown

PATH: /home/dschouten/rootkits/x86_64/5.30.00-build/bin
PATH: /home/dschouten/bin
PATH: .
PATH: /usr/kerberos/bin
PATH: /usr/local/bin
PATH: /bin
PATH: /usr/bin
PATH: /opt/triumfcs/bin
PATH: /home/dschouten/bin


## ----------- ##
## Core tests. ##
## ----------- ##

configure:1725: checking for gcc
configure:1741: found /usr/bin/gcc
configure:1752: result: gcc
configure:1990: checking for C compiler version
configure:1997: gcc --version >&5
gcc (GCC) 4.1.2 20080704 (Red Hat 4.1.2-50)
Copyright (C) 2006 Free Software Foundation, Inc.
This is free software; see the source for copying conditions.  There is NO
warranty; not even for MERCHANTABILITY or FITNESS FOR A PARTICULAR PURPOSE.

configure:2000: $? = 0
configure:2007: gcc -v >&5
Using built-in specs.
Target: x86_64-redhat-linux
Configured with: ../configure --prefix=/usr --mandir=/usr/share/man --infodir=/usr/share/info --enable-shared --enable-threads=posix --enable-checking=release --with-system-zlib --enable-__cxa_atexit --disable-libunwind-exceptions --enable-libgcj-multifile --enable-languages=c,c++,objc,obj-c++,java,fortran,ada --enable-java-awt=gtk --disable-dssi --disable-plugin --with-java-home=/usr/lib/jvm/java-1.4.2-gcj-1.4.2.0/jre --with-cpu=generic --host=x86_64-redhat-linux
Thread model: posix
gcc version 4.1.2 20080704 (Red Hat 4.1.2-50)
configure:2010: $? = 0
configure:2017: gcc -V >&5
gcc: '-V' option must have argument
configure:2020: $? = 1
configure:2043: checking for C compiler default output file name
configure:2070: gcc    conftest.c -lm >&5
configure:2073: $? = 0
configure:2111: result: a.out
configure:2128: checking whether the C compiler works
configure:2138: ./a.out
configure:2141: $? = 0
configure:2158: result: yes
configure:2165: checking whether we are cross compiling
configure:2167: result: no
configure:2170: checking for suffix of executables
configure:2177: gcc -o conftest    conftest.c -lm >&5
configure:2180: $? = 0
configure:2204: result: 
configure:2210: checking for suffix of object files
configure:2236: gcc -c   conftest.c >&5
configure:2239: $? = 0
configure:2262: result: o
configure:2266: checking whether we are using the GNU C compiler
configure:2295: gcc -c   conftest.c >&5
configure:2301: $? = 0
configure:2318: result: yes
configure:2323: checking whether gcc accepts -g
configure:2353: gcc -c -g  conftest.c >&5
configure:2359: $? = 0
configure:2458: result: yes
configure:2475: checking for gcc option to accept ISO C89
configure:2549: gcc  -c -g -O2  conftest.c >&5
configure:2555: $? = 0
configure:2578: result: none needed
configure:2649: checking for g77
configure:2665: found /usr/bin/g77
configure:2676: result: g77
configure:2706: checking for Fortran 77 compiler version
configure:2713: g77 --version >&5
GNU Fortran (GCC) 3.4.6 20060404 (Red Hat 3.4.6-4)
Copyright (C) 2006 Free Software Foundation, Inc.

GNU Fortran comes with NO WARRANTY, to the extent permitted by law.
You may redistribute copies of GNU Fortran
under the terms of the GNU General Public License.
For more information about these matters, see the file named COPYING
or type the command `info -f g77 Copying'.
configure:2716: $? = 0
configure:2723: g77 -v >&5
Reading specs from /usr/lib/gcc/x86_64-redhat-linux/3.4.6/specs
Configured with: ../configure --prefix=/usr --mandir=/usr/share/man --infodir=/usr/share/info --enable-shared --enable-threads=posix --disable-checking --with-system-zlib --enable-__cxa_atexit --disable-libunwind-exceptions --enable-languages=c,c++,f77 --disable-libgcj --host=x86_64-redhat-linux
Thread model: posix
gcc version 3.4.6 20060404 (Red Hat 3.4.6-4)
configure:2726: $? = 0
configure:2733: g77 -V >&5
g77: `-V' option must have argument
configure:2736: $? = 1
configure:2744: checking whether we are using the GNU Fortran 77 compiler
configure:2763: g77 -c  conftest.F >&5
configure:2769: $? = 0
configure:2786: result: yes
configure:2792: checking whether g77 accepts -g
configure:2809: g77 -c -g conftest.f >&5
configure:2815: $? = 0
configure:2831: result: yes
configure:2899: checking for ranlib
configure:2915: found /usr/bin/ranlib
configure:2926: result: ranlib
configure:2996: checking for a BSD-compatible install
configure:3052: result: /usr/bin/install -c
configure:3078: checking for an ANSI C-conforming const
configure:3153: gcc -c -O3 -fomit-frame-pointer -ffast-math  conftest.c >&5
configure:3159: $? = 0
configure:3174: result: yes
configure:3184: checking for inline
configure:3210: gcc -c -O3 -fomit-frame-pointer -ffast-math  conftest.c >&5
configure:3216: $? = 0
configure:3234: result: inline
configure:3255: checking for long double with more range or precision than double
configure:3300: gcc -c -O3 -fomit-frame-pointer -ffast-math  conftest.c >&5
configure:3306: $? = 0
configure:3321: result: yes
configure:3345: checking for powl
configure:3401: gcc -o conftest -O3 -fomit-frame-pointer -ffast-math   conftest.c -lm >&5
conftest.c:33: warning: conflicting types for built-in function 'powl'
configure:3407: $? = 0
configure:3425: result: yes
configure:3439: checking for erf
configure:3495: gcc -o conftest -O3 -fomit-frame-pointer -ffast-math   conftest.c -lm >&5
conftest.c:34: warning: conflicting types for built-in function 'erf'
configure:3501: $? = 0
configure:3519: result: yes
configure:3546: checking for variable-size arrays
configure:3562: gcc -c -O3 -fomit-frame-pointer -ffast-math  conftest.c >&5
configure:3568: $? = 0
configure:3573: result: yes
configure:3596: checking for MathLink
configure:3624: result: no
configure:3634: checking for qmake
configure:3664: result: no
configure:3783: creating ./config.status

## ---------------------- ##
## Running config.status. ##
## ---------------------- ##

This file was extended by Cuba config.status 2.1, which was
generated by GNU Autoconf 2.61.  Invocation command line was

  CONFIG_FILES    = 
  CONFIG_HEADERS  = 
  CONFIG_LINKS    = 
  CONFIG_COMMANDS = 
  $ ./config.status 

on atlas-tier3-c9.triumf.ca

config.status:601: creating makefile
config.status:601: creating config.h

## ---------------- ##
## Cache variables. ##
## ---------------- ##

ac_cv_c_compiler_gnu=yes
ac_cv_c_const=yes
ac_cv_c_inline=inline
ac_cv_c_long_double=yes
ac_cv_env_CC_set=
ac_cv_env_CC_value=
ac_cv_env_CFLAGS_set=
ac_cv_env_CFLAGS_value=
ac_cv_env_CPPFLAGS_set=
ac_cv_env_CPPFLAGS_value=
ac_cv_env_F77_set=
ac_cv_env_F77_value=
ac_cv_env_FFLAGS_set=
ac_cv_env_FFLAGS_value=
ac_cv_env_LDFLAGS_set=
ac_cv_env_LDFLAGS_value=
ac_cv_env_LIBS_set=
ac_cv_env_LIBS_value=
ac_cv_env_MCFLAGS_set=
ac_cv_env_MCFLAGS_value=
ac_cv_env_build_alias_set=
ac_cv_env_build_alias_value=
ac_cv_env_host_alias_set=
ac_cv_env_host_alias_value=
ac_cv_env_target_alias_set=
ac_cv_env_target_alias_value=
ac_cv_f77_compiler_gnu=yes
ac_cv_func_erf=yes
ac_cv_func_powl=yes
ac_cv_objext=o
ac_cv_path_install='/usr/bin/install -c'
ac_cv_prog_ac_ct_CC=gcc
ac_cv_prog_ac_ct_F77=g77
ac_cv_prog_ac_ct_RANLIB=ranlib
ac_cv_prog_cc_c89=
ac_cv_prog_cc_g=yes
ac_cv_prog_f77_g=yes
ac_cv_type_long_double_wider=yes

## ----------------- ##
## Output variables. ##
## ----------------- ##

CC='gcc'
CFLAGS='-O3 -fomit-frame-pointer -ffast-math'
CPPFLAGS=''
DEFS='-DHAVE_CONFIG_H'
DEMO_FORTRAN_DEFAULT='demo-fortran'
ECHO_C=''
ECHO_N='-n'
ECHO_T=''
EXEEXT=''
F77='g77'
FFLAGS='-g -O2'
HAVE_QMAKE=''
INSTALL_DATA='${INSTALL} -m 644'
INSTALL_PROGRAM='${INSTALL}'
INSTALL_SCRIPT='${INSTALL}'
LDFLAGS=''
LIBOBJS=''
LIBS='-lm'
LTLIBOBJS=''
MATH_DEFAULT=''
MCFLAGS=''
OBJEXT='o'
PACKAGE_BUGREPORT='hahn@feynarts.de'
PACKAGE_NAME='Cuba'
PACKAGE_STRING='Cuba 2.1'
PACKAGE_TARNAME='cuba'
PACKAGE_VERSION='2.1'
PATH_SEPARATOR=':'
RANLIB='ranlib'
SHELL='/bin/sh'
TOOLS_DEFAULT=''
ac_ct_CC='gcc'
ac_ct_F77='g77'
bindir='${exec_prefix}/bin'
build_alias=''
datadir='${datarootdir}'
datarootdir='${prefix}/share'
docdir='${datarootdir}/doc/${PACKAGE_TARNAME}'
dvidir='${docdir}'
exec_prefix='${prefix}'
host_alias=''
htmldir='${docdir}'
includedir='${prefix}/include'
infodir='${datarootdir}/info'
libdir='${exec_prefix}/lib'
libexecdir='${exec_prefix}/libexec'
localedir='${datarootdir}/locale'
localstatedir='${prefix}/var'
mandir='${datarootdir}/man'
oldincludedir='/usr/include'
pdfdir='${docdir}'
prefix='/usr/local'
program_transform_name='s,x,x,'
psdir='${docdir}'
sbindir='${exec_prefix}/sbin'
sharedstatedir='${prefix}/com'
sysconfdir='${prefix}/etc'
target_alias=''

## ----------- ##
## confdefs.h. ##
## ----------- ##

#define PACKAGE_NAME "Cuba"
#define PACKAGE_TARNAME "cuba"
#define PACKAGE_VERSION "2.1"
#define PACKAGE_STRING "Cuba 2.1"
#define PACKAGE_BUGREPORT "hahn@feynarts.de"
#define HAVE_LONG_DOUBLE_WIDER 1
#define HAVE_LONG_DOUBLE 1
#define HAVE_POWL 1
#define HAVE_ERF 1

configure: exit 0
